android/app/build/intermediates/manifest_merge_blame_file/debug/manifest-merger-blame-debug-report.txt
1<?xml version="1.0" encoding="utf-8"?>
2<manifest xmlns:android="http://schemas.android.com/apk/res/android"
3    package="com.signin"
4    android:versionCode="1"
5    android:versionName="1.0" >
6
7    <uses-sdk
8        android:minSdkVersion="21"
9        android:targetSdkVersion="30" />
10
11    <uses-permission android:name="android.permission.SYSTEM_ALERT_WINDOW" />
11-->src\debug\AndroidManifest.xml:5:5-77
11-->src\debug\AndroidManifest.xml:5:22-75
12    <uses-permission android:name="android.permission.INTERNET" />
12-->src\main\AndroidManifest.xml:4:5-67
12-->src\main\AndroidManifest.xml:4:22-64
13    <uses-permission android:name="android.permission.ACCESS_WIFI_STATE" /> <!-- Include required permissions for Google Maps API to run. -->
13-->[com.facebook.flipper:flipper:0.99.0] AndroidManifest.xml:16:5-76
13-->[com.facebook.flipper:flipper:0.99.0] AndroidManifest.xml:16:22-73
14    <uses-permission android:name="android.permission.ACCESS_NETWORK_STATE" />
14-->[com.google.android.gms:play-services-maps:17.0.0] AndroidManifest.xml:23:5-79
14-->[com.google.android.gms:play-services-maps:17.0.0] AndroidManifest.xml:23:22-76
15
16    <uses-feature
16-->[com.google.android.gms:play-services-maps:17.0.0] AndroidManifest.xml:26:5-28:35
17        android:glEsVersion="0x00020000"
17-->[com.google.android.gms:play-services-maps:17.0.0] AndroidManifest.xml:27:9-41
18        android:required="true" />
18-->[com.google.android.gms:play-services-maps:17.0.0] AndroidManifest.xml:28:9-32
19
20    <application
20-->src\main\AndroidManifest.xml:6:5-24:19
21        android:name="com.signin.MainApplication"
21-->src\main\AndroidManifest.xml:7:7-38
22        android:allowBackup="false"
22-->src\main\AndroidManifest.xml:11:7-34
23        android:appComponentFactory="androidx.core.app.CoreComponentFactory"
23-->[androidx.core:core:1.5.0] AndroidManifest.xml:24:18-86
24        android:debuggable="true"
25        android:icon="@mipmap/ic_launcher"
25-->src\main\AndroidManifest.xml:9:7-41
26        android:label="@string/app_name"
26-->src\main\AndroidManifest.xml:8:7-39
27        android:roundIcon="@mipmap/ic_launcher_round"
27-->src\main\AndroidManifest.xml:10:7-52
28        android:theme="@style/AppTheme"
28-->src\main\AndroidManifest.xml:12:7-38
29        android:usesCleartextTraffic="true" >
29-->src\debug\AndroidManifest.xml:8:9-44
30        <activity android:name="com.facebook.react.devsupport.DevSettingsActivity" />
30-->src\debug\AndroidManifest.xml:11:9-86
30-->src\debug\AndroidManifest.xml:11:19-83
31        <activity
31-->src\main\AndroidManifest.xml:13:7-23:18
32            android:name="com.signin.MainActivity"
32-->src\main\AndroidManifest.xml:14:9-37
33            android:configChanges="keyboard|keyboardHidden|orientation|screenSize|uiMode"
33-->src\main\AndroidManifest.xml:16:9-86
34            android:label="@string/app_name"
34-->src\main\AndroidManifest.xml:15:9-41
35            android:launchMode="singleTask"
35-->src\main\AndroidManifest.xml:17:9-40
36            android:windowSoftInputMode="adjustResize" >
36-->src\main\AndroidManifest.xml:18:9-51
37            <intent-filter>
37-->src\main\AndroidManifest.xml:19:9-22:25
38                <action android:name="android.intent.action.MAIN" />
38-->src\main\AndroidManifest.xml:20:13-65
38-->src\main\AndroidManifest.xml:20:21-62
39
40                <category android:name="android.intent.category.LAUNCHER" />
40-->src\main\AndroidManifest.xml:21:13-73
40-->src\main\AndroidManifest.xml:21:23-70
41            </intent-filter>
42        </activity>
43        <activity
43-->[:react-native-razorpay] AndroidManifest.xml:10:9-12:86
44            android:name="com.razorpay.CheckoutActivity"
44-->[:react-native-razorpay] AndroidManifest.xml:11:13-57
45            android:configChanges="keyboard|keyboardHidden|orientation|screenSize"
45-->[:react-native-razorpay] AndroidManifest.xml:12:13-83
46            android:theme="@style/CheckoutTheme" >
46-->[com.razorpay:checkout:1.6.15] AndroidManifest.xml:21:13-49
47            <intent-filter>
47-->[com.razorpay:checkout:1.6.15] AndroidManifest.xml:22:13-28:29
48                <action android:name="android.intent.action.MAIN" />
48-->src\main\AndroidManifest.xml:20:13-65
48-->src\main\AndroidManifest.xml:20:21-62
49
50                <data
50-->[com.razorpay:checkout:1.6.15] AndroidManifest.xml:25:17-27:47
51                    android:host="rzp.io"
51-->[com.razorpay:checkout:1.6.15] AndroidManifest.xml:26:21-42
52                    android:scheme="io.rzp" />
52-->[com.razorpay:checkout:1.6.15] AndroidManifest.xml:27:21-44
53            </intent-filter>
54        </activity>
55
56        <receiver android:name="com.razorpay.RzpTokenReceiver" >
56-->[com.razorpay:checkout:1.6.15] AndroidManifest.xml:12:9-16:20
56-->[com.razorpay:checkout:1.6.15] AndroidManifest.xml:12:19-63
57            <intent-filter>
57-->[com.razorpay:checkout:1.6.15] AndroidManifest.xml:13:13-15:29
58                <action android:name="rzp.device_token.share" />
58-->[com.razorpay:checkout:1.6.15] AndroidManifest.xml:14:17-65
58-->[com.razorpay:checkout:1.6.15] AndroidManifest.xml:14:25-62
59            </intent-filter>
60        </receiver>
61
62        <meta-data
62-->[com.razorpay:checkout:1.6.15] AndroidManifest.xml:31:9-33:58
63            android:name="com.razorpay.plugin.googlepay_all"
63-->[com.razorpay:checkout:1.6.15] AndroidManifest.xml:32:13-61
64            android:value="com.razorpay.RzpGpayMerged" />
64-->[com.razorpay:checkout:1.6.15] AndroidManifest.xml:33:13-55
65
66        <activity
66-->[com.google.android.gms:play-services-auth:19.2.0] AndroidManifest.xml:23:9-27:75
67            android:name="com.google.android.gms.auth.api.signin.internal.SignInHubActivity"
67-->[com.google.android.gms:play-services-auth:19.2.0] AndroidManifest.xml:24:13-93
68            android:excludeFromRecents="true"
68-->[com.google.android.gms:play-services-auth:19.2.0] AndroidManifest.xml:25:13-46
69            android:exported="false"
69-->[com.google.android.gms:play-services-auth:19.2.0] AndroidManifest.xml:26:13-37
70            android:theme="@android:style/Theme.Translucent.NoTitleBar" />
70-->[com.google.android.gms:play-services-auth:19.2.0] AndroidManifest.xml:27:13-72
71        <!--
72            Service handling Google Sign-In user revocation. For apps that do not integrate with
73            Google Sign-In, this service will never be started.
74        -->
75        <service
75-->[com.google.android.gms:play-services-auth:19.2.0] AndroidManifest.xml:33:9-37:51
76            android:name="com.google.android.gms.auth.api.signin.RevocationBoundService"
76-->[com.google.android.gms:play-services-auth:19.2.0] AndroidManifest.xml:34:13-89
77            android:exported="true"
77-->[com.google.android.gms:play-services-auth:19.2.0] AndroidManifest.xml:35:13-36
78            android:permission="com.google.android.gms.auth.api.signin.permission.REVOCATION_NOTIFICATION"
78-->[com.google.android.gms:play-services-auth:19.2.0] AndroidManifest.xml:36:13-107
79            android:visibleToInstantApps="true" /> <!-- Needs to be explicitly declared on P+ -->
79-->[com.google.android.gms:play-services-auth:19.2.0] AndroidManifest.xml:37:13-48
80        <uses-library
80-->[com.google.android.gms:play-services-maps:17.0.0] AndroidManifest.xml:33:9-35:40
81            android:name="org.apache.http.legacy"
81-->[com.google.android.gms:play-services-maps:17.0.0] AndroidManifest.xml:34:13-50
82            android:required="false" />
82-->[com.google.android.gms:play-services-maps:17.0.0] AndroidManifest.xml:35:13-37
83
84        <activity
84-->[com.google.android.gms:play-services-base:17.5.0] AndroidManifest.xml:23:9-26:75
85            android:name="com.google.android.gms.common.api.GoogleApiActivity"
85-->[com.google.android.gms:play-services-base:17.5.0] AndroidManifest.xml:24:13-79
86            android:exported="false"
86-->[com.google.android.gms:play-services-base:17.5.0] AndroidManifest.xml:25:13-37
87            android:theme="@android:style/Theme.Translucent.NoTitleBar" />
87-->[com.google.android.gms:play-services-base:17.5.0] AndroidManifest.xml:26:13-72
88
89        <meta-data
89-->[com.google.android.gms:play-services-basement:17.6.0] AndroidManifest.xml:23:9-25:69
90            android:name="com.google.android.gms.version"
90-->[com.google.android.gms:play-services-basement:17.6.0] AndroidManifest.xml:24:13-58
91            android:value="@integer/google_play_services_version" />
91-->[com.google.android.gms:play-services-basement:17.6.0] AndroidManifest.xml:25:13-66
92    </application>
93
94</manifest>